<?xml version="1.0" encoding="UTF-8"?>
<testsuite xmlns:xsi="http://www.w3.org/2001/XMLSchema-instance" xsi:noNamespaceSchemaLocation="https://maven.apache.org/surefire/maven-surefire-plugin/xsd/surefire-test-report.xsd" name="TestSuite" time="38.587" tests="4" errors="0" skipped="0" failures="1">
  <properties>
[...]
</properties>
  <testcase name="verifyPageTitleTest" classname="Comprehensive.Assessment.TestNGTest" time="0.015"/>
  <testcase name="SearchScriptTest" classname="Comprehensive.Assessment.TestNGTest" time="0.021">
    <failure message="The driver executable does not exist: C:\Users\M1073042\Downloads\edgedriver_win64\msedgedriver.exe" type="java.lang.IllegalStateException">java.lang.IllegalStateException: The driver executable does not exist: C:\Users\M1073042\Downloads\edgedriver_win64\msedgedriver.exe
	at Comprehensive.Assessment.TestNGTest.SearchScriptTest(TestNGTest.java:33)
</failure>
    <system-err><![CDATA[Starting MSEdgeDriver 94.0.992.38 (55a0a486d5c4c1a7374dc28a7be702fee43b3b39) on port 29684
Only local connections are allowed.
Please see https://chromedriver.chromium.org/security-considerations for suggestions on keeping MSEdgeDriver safe.
MSEdgeDriver was started successfully.
[1637433054.741][WARNING]: This version of MSEdgeDriver has not been tested with MSEdge version 95.
Nov 21, 2021 12:00:54 AM org.openqa.selenium.remote.ProtocolHandshake createSession
INFO: Detected dialect: W3C
]]></system-err>
  </testcase>
  <testcase name="BookTableScriptTest" classname="Comprehensive.Assessment.TestNGTest" time="8.609"/>
  <testcase name="shouldAnswerWithTrue on shouldAnswerWithTrue(Comprehensive.Assessment.AppTest)" classname="Comprehensive.Assessment.AppTest" time="0.003"/>
</testsuite>