<?xml version="1.0" encoding="UTF-8"?>
<testng-results ignored="0" total="1" passed="1" failed="0" skipped="0">
  <reporter-output>
  </reporter-output>
  <suite started-at="2021-11-20T18:31:19Z" name="Surefire suite" finished-at="2021-11-20T18:31:19Z" duration-ms="41">
    <groups>
    </groups>
    <test started-at="2021-11-20T18:31:19Z" name="Surefire test" finished-at="2021-11-20T18:31:19Z" duration-ms="41">
      <class name="Comprehensive.Assessment.AppTest">
        <test-method signature="shouldAnswerWithTrue()" started-at="2021-11-21T00:01:19Z" name="shouldAnswerWithTrue" finished-at="2021-11-21T00:01:19Z" duration-ms="7" status="PASS">
          <reporter-output>
          </reporter-output>
        </test-method> <!-- shouldAnswerWithTrue -->
      </class> <!-- Comprehensive.Assessment.AppTest -->
    </test> <!-- Surefire test -->
  </suite> <!-- Surefire suite -->
</testng-results>
