<?xml version="1.0" encoding="UTF-8"?>
<!-- Generated by org.testng.reporters.JUnitXMLReporter -->
<testsuite ignored="0" hostname="MT-PF1J3AFL" failures="1" tests="3" name="Surefire test" time="37.749" errors="0" timestamp="20 Nov 2021 18:31:19 GMT">
  <testcase classname="Comprehensive.Assessment.TestNGTest" name="verifyPageTitleTest" time="0.015"/>
  <testcase classname="Comprehensive.Assessment.TestNGTest" name="SearchScriptTest" time="0.006">
    <failure type="java.lang.IllegalStateException" message="The driver executable does not exist: C:\Users\M1073042\Downloads\edgedriver_win64\msedgedriver.exe">
      <![CDATA[java.lang.IllegalStateException: The driver executable does not exist: C:\Users\M1073042\Downloads\edgedriver_win64\msedgedriver.exe
	at com.google.common.base.Preconditions.checkState(Preconditions.java:585)
	at org.openqa.selenium.remote.service.DriverService.checkExecutable(DriverService.java:146)
	at org.openqa.selenium.remote.service.DriverService.findExecutable(DriverService.java:141)
	at org.openqa.selenium.edge.EdgeDriverService.access$000(EdgeDriverService.java:37)
	at org.openqa.selenium.edge.EdgeDriverService$Builder.findDefaultExecutable(EdgeDriverService.java:90)
	at org.openqa.selenium.remote.service.DriverService$Builder.build(DriverService.java:355)
	at org.openqa.selenium.edge.EdgeDriverService.createDefaultService(EdgeDriverService.java:70)
	at org.openqa.selenium.edge.EdgeDriver.<init>(EdgeDriver.java:96)
	at Comprehensive.Assessment.TestNGTest.SearchScriptTest(TestNGTest.java:33)
... Removed 30 stack frames]]>
    </failure>
  </testcase> <!-- SearchScriptTest -->
  <testcase classname="Comprehensive.Assessment.TestNGTest" name="BookTableScriptTest" time="8.61"/>
</testsuite> <!-- Surefire test -->
